----------------------------------------------------------------
Wed Apr 27 17:56:11 EDT 2022:
Booting Derby version The Apache Software Foundation - Apache Derby - 10.15.2.0 - (1873585): instance a816c00e-0180-6d06-4c37-00000f437000 
on database directory C:\Users\radcl\IdeaProjects\ferocious-furrets\myDB with class loader jdk.internal.loader.ClassLoaders$AppClassLoader@30946e09 
Loaded from file:/C:/Users/radcl/IdeaProjects/ferocious-furrets/ProtoypeF/build/libs/ProtoypeF-all.jar
java.vendor=Microsoft
java.runtime.version=11.0.14.1+1-LTS
user.dir=C:\Users\radcl\IdeaProjects\ferocious-furrets
os.name=Windows 10
os.arch=amd64
os.version=10.0
derby.system.home=null
Database Class Loader started - derby.database.classpath=''
----------------------------------------------------------------
Wed Apr 27 17:56:23 EDT 2022:
Booting Derby version The Apache Software Foundation - Apache Derby - 10.15.2.0 - (1873585): instance 42adc10b-0180-6d06-4c37-00000f437000 
on database directory C:\Users\radcl\IdeaProjects\ferocious-furrets\CS3733-TeamB-TransferAPI-Database with class loader jdk.internal.loader.ClassLoaders$AppClassLoader@30946e09 
Loaded from file:/C:/Users/radcl/IdeaProjects/ferocious-furrets/ProtoypeF/build/libs/ProtoypeF-all.jar
java.vendor=Microsoft
java.runtime.version=11.0.14.1+1-LTS
user.dir=C:\Users\radcl\IdeaProjects\ferocious-furrets
os.name=Windows 10
os.arch=amd64
os.version=10.0
derby.system.home=null
Database Class Loader started - derby.database.classpath=''
----------------------------------------------------------------
Wed Apr 27 17:56:24 EDT 2022:
Booting Derby version The Apache Software Foundation - Apache Derby - 10.15.2.0 - (1873585): instance 95c281fc-0180-6d06-4c37-00000f437000 
on database directory C:\Users\radcl\IdeaProjects\ferocious-furrets\BaW_database with class loader jdk.internal.loader.ClassLoaders$AppClassLoader@30946e09 
Loaded from file:/C:/Users/radcl/IdeaProjects/ferocious-furrets/ProtoypeF/build/libs/ProtoypeF-all.jar
java.vendor=Microsoft
java.runtime.version=11.0.14.1+1-LTS
user.dir=C:\Users\radcl\IdeaProjects\ferocious-furrets
os.name=Windows 10
os.arch=amd64
os.version=10.0
derby.system.home=null
Database Class Loader started - derby.database.classpath=''
